Forge Auto Renaming Tool v2.0.4
lib: E:\MCmod\windowbreaker_1.19.2\build\moddev\artifacts\forge-1.19.2-43.5.2.jar
lib: C:\Users\shanyan\.mcreator\gradle\caches\modules-2\files-2.1\io.github.llamalad7\mixinextras-common\0.5.0\286da96036621082491d971dfc62bee8fc37d161\mixinextras-common-0.5.0.jar
lib: C:\Users\shanyan\.mcreator\gradle\caches\modules-2\files-2.1\io.github.llamalad7\mixinextras-forge\0.5.0\cebe4d98a42a4a32ebf0ddec7b93d5bdbdad009\mixinextras-forge-0.5.0.jar
lib: C:\Users\shanyan\.mcreator\gradle\caches\modules-2\files-2.1\cpw.mods\securejarhandler\2.1.4\f47e3b9dd860a7b82154b8f90a650ffd0aaa5582\securejarhandler-2.1.4.jar
lib: C:\Users\shanyan\.mcreator\gradle\caches\modules-2\files-2.1\net.minecraftforge\fmlloader\1.19.2-43.5.2\3605ad5b2922179875b1cab02f399e3cc96eec97\fmlloader-1.19.2-43.5.2.jar
lib: C:\Users\shanyan\.mcreator\gradle\caches\modules-2\files-2.1\net.minecraftforge\coremods\5.2.4\e30bab269d896613e38396274711410b3a0e4b87\coremods-5.2.4.jar
lib: C:\Users\shanyan\.mcreator\gradle\caches\modules-2\files-2.1\cpw.mods\modlauncher\10.0.8\658c4ddb704aeeaa94ff3e668785a5eebddd0cb5\modlauncher-10.0.8.jar
lib: C:\Users\shanyan\.mcreator\gradle\caches\modules-2\files-2.1\org.openjdk.nashorn\nashorn-core\15.4\f67f5ffaa5f5130cf6fb9b133da00c7df3b532a5\nashorn-core-15.4.jar
lib: C:\Users\shanyan\.mcreator\gradle\caches\modules-2\files-2.1\org.ow2.asm\asm-commons\9.7.1\406c6a2225cfe1819f102a161e54cc16a5c24f75\asm-commons-9.7.1.jar
lib: C:\Users\shanyan\.mcreator\gradle\caches\modules-2\files-2.1\org.ow2.asm\asm-util\9.7.1\9e23359b598ec6b74b23e53110dd5c577adf2243\asm-util-9.7.1.jar
lib: C:\Users\shanyan\.mcreator\gradle\caches\modules-2\files-2.1\org.ow2.asm\asm-analysis\9.7.1\f97a3b319f0ed6a8cd944dc79060d3912a28985f\asm-analysis-9.7.1.jar
lib: C:\Users\shanyan\.mcreator\gradle\caches\modules-2\files-2.1\org.ow2.asm\asm-tree\9.7.1\3a53139787663b139de76b627fca0084ab60d32c\asm-tree-9.7.1.jar
lib: C:\Users\shanyan\.mcreator\gradle\caches\modules-2\files-2.1\org.ow2.asm\asm\9.7.1\f0ed132a49244b042cd0e15702ab9f2ce3cc8436\asm-9.7.1.jar
lib: C:\Users\shanyan\.mcreator\gradle\caches\modules-2\files-2.1\net.minecraftforge\accesstransformers\8.0.4\272d240aa73f42195b2a68e2ebd8b701ecf41f63\accesstransformers-8.0.4.jar
lib: C:\Users\shanyan\.mcreator\gradle\caches\modules-2\files-2.1\org.antlr\antlr4\4.9.1\e92af8ab33e428461927b484e90bb155a4f3a052\antlr4-4.9.1.jar
lib: C:\Users\shanyan\.mcreator\gradle\caches\modules-2\files-2.1\org.antlr\antlr4-runtime\4.9.1\428664f05d2b7f7b7610204b5aa7c1763f62011a\antlr4-runtime-4.9.1.jar
lib: C:\Users\shanyan\.mcreator\gradle\caches\modules-2\files-2.1\net.minecraftforge\fmlcore\1.19.2-43.5.2\3ff8f910032d88f3ca788b82fd9ce54ac3f7bc25\fmlcore-1.19.2-43.5.2.jar
lib: C:\Users\shanyan\.mcreator\gradle\caches\modules-2\files-2.1\net.minecraftforge\eventbus\6.0.3\42fe522ace1bbcbcbba9c880c42411857baf36a9\eventbus-6.0.3.jar
lib: C:\Users\shanyan\.mcreator\gradle\caches\modules-2\files-2.1\net.minecraftforge\forgespi\6.0.0\4a2004591666531f8b30d3402317b1ff6411bd3e\forgespi-6.0.0.jar
lib: C:\Users\shanyan\.mcreator\gradle\caches\modules-2\files-2.1\net.minecraftforge\unsafe\0.2.0\54d7a0a5e8fdb71b973025caa46f341ae5904f39\unsafe-0.2.0.jar
lib: C:\Users\shanyan\.mcreator\gradle\caches\modules-2\files-2.1\com.electronwill.night-config\toml\3.6.4\51d6cefb2b55ee55ee26b16391212fb2c7dfb4f4\toml-3.6.4.jar
lib: C:\Users\shanyan\.mcreator\gradle\caches\modules-2\files-2.1\com.electronwill.night-config\core\3.6.4\510f174abbf1c947494db50ef2445683bd52c230\core-3.6.4.jar
lib: C:\Users\shanyan\.mcreator\gradle\caches\modules-2\files-2.1\net.minecraftforge\JarJarSelector\0.3.16\2a31421fb5e267249da103a644f23afb43d158af\JarJarSelector-0.3.16.jar
lib: C:\Users\shanyan\.mcreator\gradle\caches\modules-2\files-2.1\net.minecraftforge\JarJarMetadata\0.3.16\f62c8c898dffc8666f5097a8587ed72095e8e83a\JarJarMetadata-0.3.16.jar
lib: C:\Users\shanyan\.mcreator\gradle\caches\modules-2\files-2.1\org.apache.maven\maven-artifact\3.8.5\4433f50c07debefaed0553bd0068f4f48d449313\maven-artifact-3.8.5.jar
lib: C:\Users\shanyan\.mcreator\gradle\caches\modules-2\files-2.1\net.jodah\typetools\0.8.3\98f84f353457629e81cc6827224871b1a8faa7af\typetools-0.8.3.jar
lib: C:\Users\shanyan\.mcreator\gradle\caches\modules-2\files-2.1\net.minecrell\terminalconsoleappender\1.2.0\96d02cd3b384ff015a8fef4223bcb4ccf1717c95\terminalconsoleappender-1.2.0.jar
lib: C:\Users\shanyan\.mcreator\gradle\caches\modules-2\files-2.1\org.jline\jline-reader\3.12.1\4382ab1382c7b6f379377ed5f665dc2f6e1218bc\jline-reader-3.12.1.jar
lib: C:\Users\shanyan\.mcreator\gradle\caches\modules-2\files-2.1\org.jline\jline-terminal\3.12.1\c777448314e050d980a6b697c140f3bfe9eb7416\jline-terminal-3.12.1.jar
lib: C:\Users\shanyan\.mcreator\gradle\caches\modules-2\files-2.1\org.spongepowered\mixin\0.8.5\9d1c0c3a304ae6697ecd477218fa61b850bf57fc\mixin-0.8.5.jar
lib: C:\Users\shanyan\.mcreator\gradle\caches\modules-2\files-2.1\org.apache.logging.log4j\log4j-slf4j-impl\2.19.0\1a0c9615ba9fd5b96db8c1136afbef4394286e93\log4j-slf4j-impl-2.19.0.jar
lib: C:\Users\shanyan\.mcreator\gradle\caches\modules-2\files-2.1\org.apache.logging.log4j\log4j-core\2.19.0\3b6eeb4de4c49c0fe38a4ee27188ff5fee44d0bb\log4j-core-2.19.0.jar
lib: C:\Users\shanyan\.mcreator\gradle\caches\modules-2\files-2.1\org.apache.logging.log4j\log4j-api\2.19.0\ea1b37f38c327596b216542bc636cfdc0b8036fa\log4j-api-2.19.0.jar
lib: C:\Users\shanyan\.mcreator\gradle\caches\modules-2\files-2.1\net.java.dev.jna\jna-platform\5.12.1\97406a297c852f4a41e688a176ec675f72e8329\jna-platform-5.12.1.jar
lib: C:\Users\shanyan\.mcreator\gradle\caches\modules-2\files-2.1\ca.weblite\java-objc-bridge\1.1\1227f9e0666314f9de41477e3ec277e542ed7f7b\java-objc-bridge-1.1.jar
lib: C:\Users\shanyan\.mcreator\gradle\caches\modules-2\files-2.1\net.java.dev.jna\jna\5.12.1\b1e93a735caea94f503e95e6fe79bf9cdc1e985d\jna-5.12.1.jar
lib: C:\Users\shanyan\.mcreator\gradle\caches\modules-2\files-2.1\cpw.mods\bootstraplauncher\1.1.2\c546e00443d8432cda6baa1c860346980742628\bootstraplauncher-1.1.2.jar
lib: C:\Users\shanyan\.mcreator\gradle\caches\modules-2\files-2.1\net.minecraftforge\JarJarFileSystems\0.3.16\e52afbb2599dc7c6f779efea0496d32fc01152e3\JarJarFileSystems-0.3.16.jar
lib: C:\Users\shanyan\.mcreator\gradle\caches\modules-2\files-2.1\net.minecraftforge\javafmllanguage\1.19.2-43.5.2\3fd97fdd09e578a419fe65fddeb2c15deb2988ac\javafmllanguage-1.19.2-43.5.2.jar
lib: C:\Users\shanyan\.mcreator\gradle\caches\modules-2\files-2.1\net.minecraftforge\lowcodelanguage\1.19.2-43.5.2\3736390db349cb464d10ce49ed5b74ab2b48226a\lowcodelanguage-1.19.2-43.5.2.jar
lib: C:\Users\shanyan\.mcreator\gradle\caches\modules-2\files-2.1\net.minecraftforge\mclanguage\1.19.2-43.5.2\5bcfe74f4b74d4f7d01a937801d29c5558543b84\mclanguage-1.19.2-43.5.2.jar
lib: C:\Users\shanyan\.mcreator\gradle\caches\modules-2\files-2.1\org.codehaus.plexus\plexus-utils\3.3.0\cf43b5391de623b36fe066a21127baef82c64022\plexus-utils-3.3.0.jar
lib: C:\Users\shanyan\.mcreator\gradle\caches\modules-2\files-2.1\org.apache.commons\commons-lang3\3.12.0\c6842c86792ff03b9f1d1fe2aab8dc23aa6c6f0e\commons-lang3-3.12.0.jar
lib: C:\Users\shanyan\.mcreator\gradle\caches\modules-2\files-2.1\com.google.code.gson\gson\2.8.9\8a432c1d6825781e21a02db2e2c33c5fde2833b9\gson-2.8.9.jar
lib: C:\Users\shanyan\.mcreator\gradle\caches\modules-2\files-2.1\com.google.guava\guava\31.0.1-jre\119ea2b2bc205b138974d351777b20f02b92704b\guava-31.0.1-jre.jar
lib: C:\Users\shanyan\.mcreator\gradle\caches\modules-2\files-2.1\com.machinezoo.noexception\noexception\1.7.1\b65330c98e38a1f915fa54a6e5eca496505e3f0a\noexception-1.7.1.jar
lib: C:\Users\shanyan\.mcreator\gradle\caches\modules-2\files-2.1\org.slf4j\slf4j-api\1.8.0-beta4\83b0359d847ee053d745be7ec0d8e9e8a44304b4\slf4j-api-1.8.0-beta4.jar
lib: C:\Users\shanyan\.mcreator\gradle\caches\modules-2\files-2.1\com.mojang\logging\1.0.0\f6ca3b2eee0b80b384e8ed93d368faecb82dfb9b\logging-1.0.0.jar
lib: C:\Users\shanyan\.mcreator\gradle\caches\modules-2\files-2.1\com.google.code.findbugs\jsr305\3.0.2\25ea2e8b0c338a877313bd4672d3fe056ea78f0d\jsr305-3.0.2.jar
lib: C:\Users\shanyan\.mcreator\gradle\caches\modules-2\files-2.1\net.minecraftforge\mergetool\1.1.5\e31dad26696043b540681aabc93e2001a1a2cd44\mergetool-1.1.5.jar
lib: C:\Users\shanyan\.mcreator\gradle\caches\modules-2\files-2.1\org.jetbrains\annotations\23.0.0\8cc20c07506ec18e0834947b84a864bfc094484e\annotations-23.0.0.jar
lib: C:\Users\shanyan\.mcreator\gradle\caches\modules-2\files-2.1\com.mojang\blocklist\1.0.10\5c685c5ffa94c4cd39496c7184c1d122e515ecef\blocklist-1.0.10.jar
lib: C:\Users\shanyan\.mcreator\gradle\caches\modules-2\files-2.1\com.mojang\patchy\2.2.10\da05971b07cbb379d002cf7eaec6a2048211fefc\patchy-2.2.10.jar
lib: C:\Users\shanyan\.mcreator\gradle\caches\modules-2\files-2.1\com.github.oshi\oshi-core\5.8.5\1d0ec654d820741327f5a9229d513732a4b7ce50\oshi-core-5.8.5.jar
lib: C:\Users\shanyan\.mcreator\gradle\caches\modules-2\files-2.1\org.apache.logging.log4j\log4j-slf4j18-impl\2.17.0\bd7f6c0b9224dd214afb4e684957e2349b529a8d\log4j-slf4j18-impl-2.17.0.jar
lib: C:\Users\shanyan\.mcreator\gradle\caches\modules-2\files-2.1\com.ibm.icu\icu4j\61.1\28d33b5e44e72edcc66a5da7a34a42147f38d987\icu4j-61.1.jar
lib: C:\Users\shanyan\.mcreator\gradle\caches\modules-2\files-2.1\com.mojang\javabridge\1.2.24\c876796229b2ef5120f186eab5acc870699d3b9\javabridge-1.2.24.jar
lib: C:\Users\shanyan\.mcreator\gradle\caches\modules-2\files-2.1\net.sf.jopt-simple\jopt-simple\5.0.4\4fdac2fbe92dfad86aa6e9301736f6b4342a3f5c\jopt-simple-5.0.4.jar
lib: C:\Users\shanyan\.mcreator\gradle\caches\modules-2\files-2.1\io.netty\netty-common\4.1.77.Final\ea0fc20f4e6178966b9d62017b7fcb83dfe0e713\netty-common-4.1.77.Final.jar
lib: C:\Users\shanyan\.mcreator\gradle\caches\modules-2\files-2.1\io.netty\netty-buffer\4.1.77.Final\d97571f99e5e739d86824d0df99f35d295276b5f\netty-buffer-4.1.77.Final.jar
lib: C:\Users\shanyan\.mcreator\gradle\caches\modules-2\files-2.1\io.netty\netty-codec\4.1.77.Final\4efc5f59335301d6ba0d7cd31dd10651119b03c8\netty-codec-4.1.77.Final.jar
lib: C:\Users\shanyan\.mcreator\gradle\caches\modules-2\files-2.1\io.netty\netty-handler\4.1.77.Final\47a81089de03635a27f509f3e4e13386ae1db275\netty-handler-4.1.77.Final.jar
lib: C:\Users\shanyan\.mcreator\gradle\caches\modules-2\files-2.1\io.netty\netty-resolver\4.1.77.Final\4a239dbf8d8bb5f98aa51462c35011c0516395fd\netty-resolver-4.1.77.Final.jar
lib: C:\Users\shanyan\.mcreator\gradle\caches\modules-2\files-2.1\io.netty\netty-transport\4.1.77.Final\2a3373bbd20d520c821f210bd5ee886788512043\netty-transport-4.1.77.Final.jar
lib: C:\Users\shanyan\.mcreator\gradle\caches\modules-2\files-2.1\io.netty\netty-transport-native-unix-common\4.1.77.Final\c95d53486414b3270d08057957c5da8e0c37e4eb\netty-transport-native-unix-common-4.1.77.Final.jar
lib: C:\Users\shanyan\.mcreator\gradle\caches\modules-2\files-2.1\io.netty\netty-transport-classes-epoll\4.1.77.Final\dd70dbccbcf98382223a59044f3c08d8e9920cad\netty-transport-classes-epoll-4.1.77.Final.jar
lib: C:\Users\shanyan\.mcreator\gradle\caches\modules-2\files-2.1\com.google.guava\failureaccess\1.0.1\1dcf1de382a0bf95a3d8b0849546c88bac1292c9\failureaccess-1.0.1.jar
lib: C:\Users\shanyan\.mcreator\gradle\caches\modules-2\files-2.1\commons-io\commons-io\2.11.0\a2503f302b11ebde7ebc3df41daebe0e4eea3689\commons-io-2.11.0.jar
lib: C:\Users\shanyan\.mcreator\gradle\caches\modules-2\files-2.1\commons-codec\commons-codec\1.15\49d94806b6e3dc933dacbd8acb0fdbab8ebd1e5d\commons-codec-1.15.jar
lib: C:\Users\shanyan\.mcreator\gradle\caches\modules-2\files-2.1\com.mojang\brigadier\1.0.18\c1ef1234282716483c92183f49bef47b1a89bfa9\brigadier-1.0.18.jar
lib: C:\Users\shanyan\.mcreator\gradle\caches\modules-2\files-2.1\com.mojang\datafixerupper\5.0.28\e2157e236e529aff80a5fc3ccb506e56d46b130b\datafixerupper-5.0.28.jar
lib: C:\Users\shanyan\.mcreator\gradle\caches\modules-2\files-2.1\com.mojang\authlib\3.11.49\2e3055ec2a017c7f94b79744b4a68b65695a118c\authlib-3.11.49.jar
lib: C:\Users\shanyan\.mcreator\gradle\caches\modules-2\files-2.1\org.apache.commons\commons-compress\1.21\4ec95b60d4e86b5c95a0e919cb172a0af98011ef\commons-compress-1.21.jar
lib: C:\Users\shanyan\.mcreator\gradle\caches\modules-2\files-2.1\org.apache.httpcomponents\httpclient\4.5.13\e5f6cae5ca7ecaac1ec2827a9e2d65ae2869cada\httpclient-4.5.13.jar
lib: C:\Users\shanyan\.mcreator\gradle\caches\modules-2\files-2.1\commons-logging\commons-logging\1.2\4bfc12adfe4842bf07b657f0369c4cb522955686\commons-logging-1.2.jar
lib: C:\Users\shanyan\.mcreator\gradle\caches\modules-2\files-2.1\org.apache.httpcomponents\httpcore\4.4.14\9dd1a631c082d92ecd4bd8fd4cf55026c720a8c1\httpcore-4.4.14.jar
lib: C:\Users\shanyan\.mcreator\gradle\caches\modules-2\files-2.1\it.unimi.dsi\fastutil\8.5.6\76f95700418a68fbc4ac050525261f05dc681ca1\fastutil-8.5.6.jar
lib: C:\Users\shanyan\.mcreator\gradle\caches\modules-2\files-2.1\org.lwjgl\lwjgl\3.3.1\ae58664f88e18a9bb2c77b063833ca7aaec484cb\lwjgl-3.3.1.jar
lib: C:\Users\shanyan\.mcreator\gradle\caches\modules-2\files-2.1\org.lwjgl\lwjgl-jemalloc\3.3.1\a817bcf213db49f710603677457567c37d53e103\lwjgl-jemalloc-3.3.1.jar
lib: C:\Users\shanyan\.mcreator\gradle\caches\modules-2\files-2.1\org.lwjgl\lwjgl-openal\3.3.1\2623a6b8ae1dfcd880738656a9f0243d2e6840bd\lwjgl-openal-3.3.1.jar
lib: C:\Users\shanyan\.mcreator\gradle\caches\modules-2\files-2.1\org.lwjgl\lwjgl-opengl\3.3.1\831a5533a21a5f4f81bbc51bb13e9899319b5411\lwjgl-opengl-3.3.1.jar
lib: C:\Users\shanyan\.mcreator\gradle\caches\modules-2\files-2.1\org.lwjgl\lwjgl-glfw\3.3.1\cbac1b8d30cb4795149c1ef540f912671a8616d0\lwjgl-glfw-3.3.1.jar
lib: C:\Users\shanyan\.mcreator\gradle\caches\modules-2\files-2.1\org.lwjgl\lwjgl-stb\3.3.1\b119297cf8ed01f247abe8685857f8e7fcf5980f\lwjgl-stb-3.3.1.jar
lib: C:\Users\shanyan\.mcreator\gradle\caches\modules-2\files-2.1\org.lwjgl\lwjgl-tinyfd\3.3.1\ff1914111ef2e3e0110ef2dabc8d8cdaad82347\lwjgl-tinyfd-3.3.1.jar
lib: C:\Users\shanyan\.mcreator\gradle\caches\modules-2\files-2.1\com.mojang\text2speech\1.16.7\ee4095669061d1fe4bce5fea23d69d1520bc2d58\text2speech-1.16.7.jar
lib: C:\Users\shanyan\.mcreator\gradle\caches\modules-2\files-2.1\org.antlr\ST4\4.3\92f2c1ad8d84abcbeead6cf7f2c53a04166293c2\ST4-4.3.jar
lib: C:\Users\shanyan\.mcreator\gradle\caches\modules-2\files-2.1\org.antlr\antlr-runtime\3.5.2\cd9cd41361c155f3af0f653009dcecb08d8b4afd\antlr-runtime-3.5.2.jar
lib: C:\Users\shanyan\.mcreator\gradle\caches\modules-2\files-2.1\org.abego.treelayout\org.abego.treelayout.core\1.0.3\457216e8e6578099ae63667bb1e4439235892028\org.abego.treelayout.core-1.0.3.jar
lib: C:\Users\shanyan\.mcreator\gradle\caches\modules-2\files-2.1\org.glassfish\javax.json\1.0.4\3178f73569fd7a1e5ffc464e680f7a8cc784b85a\javax.json-1.0.4.jar
lib: C:\Users\shanyan\.mcreator\gradle\caches\modules-2\files-2.1\com.google.guava\listenablefuture\9999.0-empty-to-avoid-conflict-with-guava\b421526c5f297295adef1c886e5246c39d4ac629\listenablefuture-9999.0-empty-to-avoid-conflict-with-guava.jar
lib: C:\Users\shanyan\.mcreator\gradle\caches\modules-2\files-2.1\org.checkerframework\checker-qual\3.12.0\d5692f0526415fcc6de94bb5bfbd3afd9dd3b3e5\checker-qual-3.12.0.jar
lib: C:\Users\shanyan\.mcreator\gradle\caches\modules-2\files-2.1\com.google.errorprone\error_prone_annotations\2.7.1\458d9042f7aa6fa9a634df902b37f544e15aacac\error_prone_annotations-2.7.1.jar
lib: C:\Users\shanyan\.mcreator\gradle\caches\modules-2\files-2.1\com.google.j2objc\j2objc-annotations\1.3\ba035118bc8bac37d7eff77700720999acd9986d\j2objc-annotations-1.3.jar
log: null
input: E:\MCmod\windowbreaker_1.19.2\build\devlibs\modid-1.0.jar
output: E:\MCmod\windowbreaker_1.19.2\build\libs\modid-1.0.jar
threads: 16
Names: E:\MCmod\windowbreaker_1.19.2\build\moddev\artifacts\namedToIntermediate.tsrg(reversed: false)
Fix Annotations: false
Unfinal Parameters: false
Fix Records: false
Fix Identifiers: false
Fix SourceFile: false
Fix Line Numbers: false
Strip codesigning signatures: ALL
Adding Libraries to Inheritance
Reading Input: E:\MCmod\windowbreaker_1.19.2\build\devlibs\modid-1.0.jar
Adding input to inheritance map
Processing entries
Conflicting propagated mapping for net/mcreator/windowbreaker/network/WindowBreakerModVariables$MapVariables/save(Lnet/minecraft/nbt/CompoundTag;)Lnet/minecraft/nbt/CompoundTag; from net/minecraft/world/level/saveddata/SavedData/save(Lnet/minecraft/nbt/CompoundTag;)Lnet/minecraft/nbt/CompoundTag;: save -> m_7176_
Conflicting propagated mapping for net/mcreator/windowbreaker/client/model/Modelwindowbreaker_entitys/setupAnim(Lnet/minecraft/world/entity/Entity;FFFFF)V from net/minecraft/client/model/EntityModel/setupAnim(Lnet/minecraft/world/entity/Entity;FFFFF)V: setupAnim -> m_6973_
Conflicting propagated mapping for net/mcreator/windowbreaker/client/model/Modelwindowbreaker_entitys/renderToBuffer(Lcom/mojang/blaze3d/vertex/PoseStack;Lcom/mojang/blaze3d/vertex/VertexConsumer;IIFFFF)V from net/minecraft/client/model/Model/renderToBuffer(Lcom/mojang/blaze3d/vertex/PoseStack;Lcom/mojang/blaze3d/vertex/VertexConsumer;IIFFFF)V: renderToBuffer -> m_7695_
Conflicting propagated mapping for net/mcreator/windowbreaker/client/renderer/BreakerRenderer$AnimatedModel$1/root()Lnet/minecraft/client/model/geom/ModelPart; from net/minecraft/client/model/HierarchicalModel/root()Lnet/minecraft/client/model/geom/ModelPart;: root -> m_142109_
Conflicting propagated mapping for net/mcreator/windowbreaker/client/renderer/BreakerRenderer$AnimatedModel$1/setupAnim(Lnet/minecraft/world/entity/Entity;FFFFF)V from net/minecraft/client/model/EntityModel/setupAnim(Lnet/minecraft/world/entity/Entity;FFFFF)V: setupAnim -> m_6973_
Conflicting propagated mapping for net/mcreator/windowbreaker/entity/BreakerEntity$1/getAttackReachSqr(Lnet/minecraft/world/entity/LivingEntity;)D from net/minecraft/world/entity/ai/goal/MeleeAttackGoal/getAttackReachSqr(Lnet/minecraft/world/entity/LivingEntity;)D: getAttackReachSqr -> m_6639_
Conflicting propagated mapping for net/mcreator/windowbreaker/client/renderer/BreakerRenderer$AnimatedModel/setupAnim(Lnet/minecraft/world/entity/Entity;FFFFF)V from net/mcreator/windowbreaker/client/model/Modelwindowbreaker_entitys/setupAnim(Lnet/minecraft/world/entity/Entity;FFFFF)V: setupAnim -> m_6973_
Conflicting propagated mapping for net/mcreator/windowbreaker/network/WindowBreakerModVariables$WorldVariables/save(Lnet/minecraft/nbt/CompoundTag;)Lnet/minecraft/nbt/CompoundTag; from net/minecraft/world/level/saveddata/SavedData/save(Lnet/minecraft/nbt/CompoundTag;)Lnet/minecraft/nbt/CompoundTag;: save -> m_7176_
Conflicting propagated mapping for net/mcreator/windowbreaker/client/renderer/BreakerRenderer/getTextureLocation(Lnet/minecraft/world/entity/Entity;)Lnet/minecraft/resources/ResourceLocation; from net/minecraft/client/renderer/entity/EntityRenderer/getTextureLocation(Lnet/minecraft/world/entity/Entity;)Lnet/minecraft/resources/ResourceLocation;: getTextureLocation -> m_5478_
Conflicting propagated mapping for net/minecraftforge/common/ForgeSpawnEggItem/getType(Lnet/minecraft/nbt/CompoundTag;)Lnet/minecraft/world/entity/EntityType; from net/minecraft/world/item/SpawnEggItem/getType(Lnet/minecraft/nbt/CompoundTag;)Lnet/minecraft/world/entity/EntityType;: getType -> m_43228_
Conflicting propagated mapping for net/minecraft/world/entity/LivingEntity/lambda$addAdditionalSaveData$3(Lnet/minecraft/nbt/CompoundTag;Lnet/minecraft/nbt/Tag;)V from net/minecraft/world/entity/player/Player/lambda$addAdditionalSaveData$3(Lnet/minecraft/nbt/CompoundTag;Lnet/minecraft/nbt/Tag;)V: lambda$addAdditionalSaveData$3 -> m_219754_
Conflicting propagated mapping for net/mcreator/windowbreaker/entity/BreakerEntity/getHurtSound(Lnet/minecraft/world/damagesource/DamageSource;)Lnet/minecraft/sounds/SoundEvent; from net/minecraft/world/entity/monster/Monster/getHurtSound(Lnet/minecraft/world/damagesource/DamageSource;)Lnet/minecraft/sounds/SoundEvent;: getHurtSound -> m_7975_
Conflicting propagated mapping for net/mcreator/windowbreaker/entity/BreakerEntity/tick()V from net/minecraft/world/entity/Mob/tick()V: tick -> m_8119_
Conflicting propagated mapping for net/mcreator/windowbreaker/entity/BreakerEntity/getAddEntityPacket()Lnet/minecraft/network/protocol/Packet; from net/minecraft/world/entity/LivingEntity/getAddEntityPacket()Lnet/minecraft/network/protocol/Packet;: getAddEntityPacket -> m_5654_
Conflicting propagated mapping for net/mcreator/windowbreaker/entity/BreakerEntity/getDeathSound()Lnet/minecraft/sounds/SoundEvent; from net/minecraft/world/entity/monster/Monster/getDeathSound()Lnet/minecraft/sounds/SoundEvent;: getDeathSound -> m_5592_
Conflicting propagated mapping for net/mcreator/windowbreaker/entity/BreakerEntity/getMobType()Lnet/minecraft/world/entity/MobType; from net/minecraft/world/entity/LivingEntity/getMobType()Lnet/minecraft/world/entity/MobType;: getMobType -> m_6336_
Conflicting propagated mapping for net/mcreator/windowbreaker/entity/BreakerEntity/registerGoals()V from net/minecraft/world/entity/Mob/registerGoals()V: registerGoals -> m_8099_
Conflicting propagated mapping for net/mcreator/windowbreaker/entity/BreakerEntity/baseTick()V from net/minecraft/world/entity/Mob/baseTick()V: baseTick -> m_6075_
Adding extras
Sorting
Writing Output: E:\MCmod\windowbreaker_1.19.2\build\libs\modid-1.0.jar
  META-INF/
  META-INF/MANIFEST.MF
  META-INF/jarjar/
  META-INF/jarjar/metadata.json
  META-INF/jarjar/mixinextras-forge-0.5.0.jar
  META-INF/mods.toml
  assets/
  assets/window_breaker/
  assets/window_breaker/lang/
  assets/window_breaker/lang/en_us.json
  assets/window_breaker/models/
  assets/window_breaker/models/item/
  assets/window_breaker/models/item/breaker_spawn_egg.json
  assets/window_breaker/textures/
  assets/window_breaker/textures/entities/
  assets/window_breaker/textures/entities/windowbreaker.png
  assets/window_breaker/textures/oip-c.png
  data/
  data/window_breaker/
  data/window_breaker/forge/
  data/window_breaker/forge/biome_modifier/
  data/window_breaker/forge/biome_modifier/breaker_biome_modifier.json
  logo.png
  net/
  net/mcreator/
  net/mcreator/windowbreaker/
  net/mcreator/windowbreaker/WindowBreakerMod.class
  net/mcreator/windowbreaker/client/
  net/mcreator/windowbreaker/client/model/
  net/mcreator/windowbreaker/client/model/Modelwindowbreaker_entitys.class
  net/mcreator/windowbreaker/client/model/animations/
  net/mcreator/windowbreaker/client/model/animations/windowbreaker_entitysAnimation.class
  net/mcreator/windowbreaker/client/renderer/
  net/mcreator/windowbreaker/client/renderer/BreakerRenderer$AnimatedModel$1.class
  net/mcreator/windowbreaker/client/renderer/BreakerRenderer$AnimatedModel.class
  net/mcreator/windowbreaker/client/renderer/BreakerRenderer.class
  net/mcreator/windowbreaker/entity/
  net/mcreator/windowbreaker/entity/BreakerEntity$1.class
  net/mcreator/windowbreaker/entity/BreakerEntity.class
  net/mcreator/windowbreaker/init/
  net/mcreator/windowbreaker/init/WindowBreakerModEntities.class
  net/mcreator/windowbreaker/init/WindowBreakerModEntityRenderers.class
  net/mcreator/windowbreaker/init/WindowBreakerModItems.class
  net/mcreator/windowbreaker/init/WindowBreakerModModels.class
  net/mcreator/windowbreaker/init/WindowBreakerModTabs.class
  net/mcreator/windowbreaker/network/
  net/mcreator/windowbreaker/network/WindowBreakerModVariables$EventBusVariableHandlers.class
  net/mcreator/windowbreaker/network/WindowBreakerModVariables$MapVariables.class
  net/mcreator/windowbreaker/network/WindowBreakerModVariables$SavedDataSyncMessage.class
  net/mcreator/windowbreaker/network/WindowBreakerModVariables$WorldVariables.class
  net/mcreator/windowbreaker/network/WindowBreakerModVariables.class
  net/mcreator/windowbreaker/procedures/
  net/mcreator/windowbreaker/procedures/BreakAdminPnetProcedure.class
  net/mcreator/windowbreaker/procedures/EShowNetProcedure.class
  net/mcreator/windowbreaker/procedures/WindowLinkProcedure.class
  pack.mcmeta
